QA Review: Groups A & B for upstream-overlay wish
Timestamp (UTC): 2025-10-03T05:53:17Z

[Check] frontend-forge/vite.config.ts contents:
import { defineConfig } from 'vite';
import react from '@vitejs/plugin-react';

export default defineConfig({
  plugins: [react()],
  server: {
    port: Number(process.env.FRONTEND_PORT ?? 5174),
  },
  build: {
    outDir: 'dist',
    sourcemap: true,
  },
  test: {
    environment: 'node',
    reporters: 'default',
  },
});

[Check] Listing frontend-forge/test directory:
ls: cannot access 'frontend-forge/test': No such file or directory

[Check] Searching for overlay-resolution test file:

[Check] Verifying overlay-resolution log existence:
build-diff.log
dev-response.html
group-a
group-b
group-c
qa-review-groups-ab.log
visual-regression
Result: overlay-resolution.log not found in directory listing above.

[Command] pnpm --filter frontend-forge test

> frontend-forge@0.1.0 test /home/namastex/workspace/automagik-forge/frontend-forge
> vitest run


 RUN  v2.1.9 /home/namastex/workspace/automagik-forge/frontend-forge

node:events:496
      throw er; // Unhandled 'error' event
      ^

Error: Worker exited unexpectedly
    at ChildProcess.onUnexpectedExit (file:///home/namastex/workspace/automagik-forge/node_modules/.pnpm/tinypool@1.1.1/node_modules/tinypool/dist/index.js:118:30)
    at ChildProcess.emit (node:events:530:35)
    at ChildProcess._handle.onexit (node:internal/child_process:293:12)
Emitted 'error' event on Tinypool instance at:
    at EventEmitterReferencingAsyncResource.runInAsyncScope (node:async_hooks:214:14)
    at Tinypool.emit (node:events:170:18)
    at file:///home/namastex/workspace/automagik-forge/node_modules/.pnpm/tinypool@1.1.1/node_modules/tinypool/dist/index.js:594:30
    at ChildProcess.<anonymous> (file:///home/namastex/workspace/automagik-forge/node_modules/.pnpm/tinypool@1.1.1/node_modules/tinypool/dist/index.js:162:34)
    at ChildProcess.emit (node:events:518:28)
    at ChildProcess.onUnexpectedExit (file:///home/namastex/workspace/automagik-forge/node_modules/.pnpm/tinypool@1.1.1/node_modules/tinypool/dist/index.js:118:16)
    at ChildProcess.emit (node:events:530:35)
    at ChildProcess._handle.onexit (node:internal/child_process:293:12)

Node.js v22.16.0
/home/namastex/workspace/automagik-forge/frontend-forge:
 ERR_PNPM_RECURSIVE_RUN_FIRST_FAIL  frontend-forge@0.1.0 test: `vitest run`
Exit status 1
file:///home/namastex/workspace/automagik-forge/node_modules/.pnpm/vitest@2.1.9_@types+node@24.6.2/node_modules/vitest/dist/chunks/cac.CB_9Zo9Q.js:403
          throw new CACError(`Unknown option \`${name.length > 1 ? `--${name}` : `-${name}`}\``);
                ^

CACError: Unknown option `--threads`
    at Command.checkUnknownOptions (file:///home/namastex/workspace/automagik-forge/node_modules/.pnpm/vitest@2.1.9_@types+node@24.6.2/node_modules/vitest/dist/chunks/cac.CB_9Zo9Q.js:403:17)
    at CAC.runMatchedCommand (file:///home/namastex/workspace/automagik-forge/node_modules/.pnpm/vitest@2.1.9_@types+node@24.6.2/node_modules/vitest/dist/chunks/cac.CB_9Zo9Q.js:603:13)
    at CAC.parse (file:///home/namastex/workspace/automagik-forge/node_modules/.pnpm/vitest@2.1.9_@types+node@24.6.2/node_modules/vitest/dist/chunks/cac.CB_9Zo9Q.js:544:12)
    at file:///home/namastex/workspace/automagik-forge/node_modules/.pnpm/vitest@2.1.9_@types+node@24.6.2/node_modules/vitest/dist/cli.js:8:13
    at ModuleJob.run (node:internal/modules/esm/module_job:274:25)
    at async onImport.tracePromise.__proto__ (node:internal/modules/esm/loader:644:26)
    at async asyncRunEntryPointWithESMLoader (node:internal/modules/run_main:117:5)

Node.js v22.16.0
undefined
/home/namastex/workspace/automagik-forge/frontend-forge:
 ERR_PNPM_RECURSIVE_EXEC_FIRST_FAIL  Command failed with exit code 1: vitest run --threads false

 RUN  v2.1.9 /home/namastex/workspace/automagik-forge/frontend-forge

node:events:496
      throw er; // Unhandled 'error' event
      ^

Error: Worker exited unexpectedly
    at ChildProcess.onUnexpectedExit (file:///home/namastex/workspace/automagik-forge/node_modules/.pnpm/tinypool@1.1.1/node_modules/tinypool/dist/index.js:118:30)
    at ChildProcess.emit (node:events:530:35)
    at ChildProcess._handle.onexit (node:internal/child_process:293:12)
Emitted 'error' event on Tinypool instance at:
    at EventEmitterReferencingAsyncResource.runInAsyncScope (node:async_hooks:214:14)
    at Tinypool.emit (node:events:170:18)
    at file:///home/namastex/workspace/automagik-forge/node_modules/.pnpm/tinypool@1.1.1/node_modules/tinypool/dist/index.js:594:30
    at ChildProcess.<anonymous> (file:///home/namastex/workspace/automagik-forge/node_modules/.pnpm/tinypool@1.1.1/node_modules/tinypool/dist/index.js:162:34)
    at ChildProcess.emit (node:events:518:28)
    at ChildProcess.onUnexpectedExit (file:///home/namastex/workspace/automagik-forge/node_modules/.pnpm/tinypool@1.1.1/node_modules/tinypool/dist/index.js:118:16)
    at ChildProcess.emit (node:events:530:35)
    at ChildProcess._handle.onexit (node:internal/child_process:293:12)

Node.js v22.16.0
undefined
/home/namastex/workspace/automagik-forge/frontend-forge:
 ERR_PNPM_RECURSIVE_EXEC_FIRST_FAIL  Command failed with exit code 1: env VITEST_MAX_THREADS=1 VITEST_MIN_THREADS=1 vitest run

[Command] pnpm --filter frontend-forge exec tsc --noEmit
Command completed without output (exit status 0).
